This is pdfTeX, Version 3.1415926-1.40.10 (TeX Live 2009/Debian) (format=pdflatex 2010.7.1)  14 JUL 2010 17:27
entering extended mode
 restricted \write18 enabled.
 %&-line parsing enabled.
**certificados-exemplo.tex
(./certificados-exemplo.tex
LaTeX2e <2009/09/24>
Babel <v3.8l> and hyphenation patterns for english, usenglishmax, dumylang, noh
yphenation, farsi, arabic, croatian, bulgarian, ukrainian, russian, czech, slov
ak, danish, dutch, finnish, french, basque, ngerman, german, german-x-2009-06-1
9, ngerman-x-2009-06-19, ibycus, monogreek, greek, ancientgreek, hungarian, san
skrit, italian, latin, latvian, lithuanian, mongolian2a, mongolian, bokmal, nyn
orsk, romanian, irish, coptic, serbian, turkish, welsh, esperanto, uppersorbian
, estonian, indonesian, interlingua, icelandic, kurmanji, slovenian, polish, po
rtuguese, spanish, galician, catalan, swedish, ukenglish, pinyin, loaded.
(/usr/share/texmf-texlive/tex/latex/base/article.cls
Document Class: article 2007/10/19 v1.4h Standard LaTeX document class
(/usr/share/texmf-texlive/tex/latex/base/size10.clo
File: size10.clo 2007/10/19 v1.4h Standard LaTeX file (size option)
)
\c@part=\count79
\c@section=\count80
\c@subsection=\count81
\c@subsubsection=\count82
\c@paragraph=\count83
\c@subparagraph=\count84
\c@figure=\count85
\c@table=\count86
\abovecaptionskip=\skip41
\belowcaptionskip=\skip42
\bibindent=\dimen102
)
(/var/lib/texmf/tex/generic/babel/babel.sty
Package: babel 2008/07/06 v3.8l The Babel package

(/usr/share/texmf-texlive/tex/generic/babel/portuges.ldf
Language: portuges 2008/03/18 v1.2q Portuguese support from the babel system

(/usr/share/texmf-texlive/tex/generic/babel/babel.def
File: babel.def 2008/07/06 v3.8l Babel common definitions
\babel@savecnt=\count87
\U@D=\dimen103
)
\l@brazil = a dialect from \language\l@portuges 
Package babel Info: Making " an active character on input line 145.
))
(/usr/share/texmf-texlive/tex/latex/base/inputenc.sty
Package: inputenc 2008/03/30 v1.1d Input encoding file
\inpenc@prehook=\toks14
\inpenc@posthook=\toks15

(/usr/share/texmf-texlive/tex/latex/base/latin1.def
File: latin1.def 2008/03/30 v1.1d Input encoding file
))
(/usr/share/texmf-texlive/tex/latex/graphics/graphicx.sty
Package: graphicx 1999/02/16 v1.0f Enhanced LaTeX Graphics (DPC,SPQR)

(/usr/share/texmf-texlive/tex/latex/graphics/keyval.sty
Package: keyval 1999/03/16 v1.13 key=value parser (DPC)
\KV@toks@=\toks16
)
(/usr/share/texmf-texlive/tex/latex/graphics/graphics.sty
Package: graphics 2009/02/05 v1.0o Standard LaTeX Graphics (DPC,SPQR)

(/usr/share/texmf-texlive/tex/latex/graphics/trig.sty
Package: trig 1999/03/16 v1.09 sin cos tan (DPC)
)
(/etc/texmf/tex/latex/config/graphics.cfg
File: graphics.cfg 2009/08/28 v1.8 graphics configuration of TeX Live
)
Package graphics Info: Driver file: pdftex.def on input line 91.

(/usr/share/texmf-texlive/tex/latex/pdftex-def/pdftex.def
File: pdftex.def 2010/03/12 v0.04p Graphics/color for pdfTeX
\Gread@gobject=\count88
))
\Gin@req@height=\dimen104
\Gin@req@width=\dimen105
) (./csvtools.sty
Package: csvtools 2007/07/03 v1.24 (NLCT)

(/usr/share/texmf-texlive/tex/latex/base/ifthen.sty
Package: ifthen 2001/05/26 v1.1c Standard LaTeX ifthen package (DPC)
)
(/usr/share/texmf-texlive/tex/latex/tools/longtable.sty
Package: longtable 2004/02/01 v4.11 Multi-page Table package (DPC)
\LTleft=\skip43
\LTright=\skip44
\LTpre=\skip45
\LTpost=\skip46
\LTchunksize=\count89
\LTcapwidth=\dimen106
\LT@head=\box26
\LT@firsthead=\box27
\LT@foot=\box28
\LT@lastfoot=\box29
\LT@cols=\count90
\LT@rows=\count91
\c@LT@tables=\count92
\c@LT@chunks=\count93
\LT@p@ftn=\toks17
)
\csvfile=\read1
\c@field=\count94
\c@maxfields=\count95
\c@csvlinenum=\count96
\maxlines=\count97
\csvlastbutone=\count98
\c@csvrownumber=\count99
)
(/usr/share/texmf-texlive/tex/latex/fancyhdr/fancyhdr.sty
\fancy@headwidth=\skip47
\f@ncyO@elh=\skip48
\f@ncyO@erh=\skip49
\f@ncyO@olh=\skip50
\f@ncyO@orh=\skip51
\f@ncyO@elf=\skip52
\f@ncyO@erf=\skip53
\f@ncyO@olf=\skip54
\f@ncyO@orf=\skip55
)
(/usr/share/texmf/tex/latex/xcolor/xcolor.sty
Package: xcolor 2007/01/21 v2.11 LaTeX color extensions (UK)

(/etc/texmf/tex/latex/config/color.cfg
File: color.cfg 2007/01/18 v1.5 color configuration of teTeX/TeXLive
)
Package xcolor Info: Package option `usenames' ignored on input line 216.
Package xcolor Info: Driver file: pdftex.def on input line 225.

(/usr/share/texmf-texlive/tex/latex/colortbl/colortbl.sty
Package: colortbl 2001/02/13 v0.1j Color table columns (DPC)

(/usr/share/texmf-texlive/tex/latex/tools/array.sty
Package: array 2008/09/09 v2.4c Tabular extension package (FMi)
\col@sep=\dimen107
\extrarowheight=\dimen108
\NC@list=\toks18
\extratabsurround=\skip56
\backup@length=\skip57
)
\everycr=\toks19
\minrowclearance=\skip58
)
\rownum=\count100
Package xcolor Info: Model `cmy' substituted by `cmy0' on input line 1337.
Package xcolor Info: Model `hsb' substituted by `rgb' on input line 1341.
Package xcolor Info: Model `RGB' extended on input line 1353.
Package xcolor Info: Model `HTML' substituted by `rgb' on input line 1355.
Package xcolor Info: Model `Hsb' substituted by `hsb' on input line 1356.
Package xcolor Info: Model `tHsb' substituted by `hsb' on input line 1357.
Package xcolor Info: Model `HSB' substituted by `hsb' on input line 1358.
Package xcolor Info: Model `Gray' substituted by `gray' on input line 1359.
Package xcolor Info: Model `wave' substituted by `hsb' on input line 1360.

(/usr/share/texmf-texlive/tex/latex/graphics/dvipsnam.def
File: dvipsnam.def 1999/02/16 v3.0i Driver-dependant file (DPC,SPQR)
)
(/usr/share/texmf/tex/latex/xcolor/svgnam.def
File: svgnam.def 2007/01/21 v2.11 Predefined colors according to SVG 1.1 (UK)
)) (./hyphenat.sty
Package: hyphenat 2009/09/02 v2.3c hyphenation utilities
\langwohyphens=\language57
LaTeX Info: Redefining \_ on input line 43.
)
(/usr/share/texmf-texlive/tex/latex/setspace/setspace.sty
Package: setspace 2000/12/01 6.7 Contributed and Supported LaTeX2e package

Package: `setspace' 6.7 <2000/12/01>
) (/usr/share/texmf-texlive/tex/latex/geometry/geometry.sty
Package: geometry 2008/12/21 v4.2 Page Geometry

(/usr/share/texmf-texlive/tex/generic/oberdiek/ifpdf.sty
Package: ifpdf 2009/04/10 v2.0 Provides the ifpdf switch (HO)
Package ifpdf Info: pdfTeX in pdf mode detected.
)
(/usr/share/texmf-texlive/tex/generic/oberdiek/ifvtex.sty
Package: ifvtex 2008/11/04 v1.4 Switches for detecting VTeX and its modes (HO)
Package ifvtex Info: VTeX not detected.
)
\Gm@cnth=\count101
\Gm@cntv=\count102
\c@Gm@tempcnt=\count103
\Gm@bindingoffset=\dimen109
\Gm@wd@mp=\dimen110
\Gm@odd@mp=\dimen111
\Gm@even@mp=\dimen112
\Gm@dimlist=\toks20

(/usr/share/texmf-texlive/tex/xelatex/xetexconfig/geometry.cfg))
(./certificados-exemplo.aux)
\openout1 = `certificados-exemplo.aux'.

LaTeX Font Info:    Checking defaults for OML/cmm/m/it on input line 30.
LaTeX Font Info:    ... okay on input line 30.
LaTeX Font Info:    Checking defaults for T1/cmr/m/n on input line 30.
LaTeX Font Info:    ... okay on input line 30.
LaTeX Font Info:    Checking defaults for OT1/cmr/m/n on input line 30.
LaTeX Font Info:    ... okay on input line 30.
LaTeX Font Info:    Checking defaults for OMS/cmsy/m/n on input line 30.
LaTeX Font Info:    ... okay on input line 30.
LaTeX Font Info:    Checking defaults for OMX/cmex/m/n on input line 30.
LaTeX Font Info:    ... okay on input line 30.
LaTeX Font Info:    Checking defaults for U/cmr/m/n on input line 30.
LaTeX Font Info:    ... okay on input line 30.
 (/usr/share/texmf/tex/context/base/supp-pdf.mkii
[Loading MPS to PDF converter (version 2006.09.02).]
\scratchcounter=\count104
\scratchdimen=\dimen113
\scratchbox=\box30
\nofMPsegments=\count105
\nofMParguments=\count106
\everyMPshowfont=\toks21
\MPscratchCnt=\count107
\MPscratchDim=\dimen114
\MPnumerator=\count108
\everyMPtoPDFconversion=\toks22
)
*geometry auto-detecting driver*
*geometry detected driver: pdftex*
-------------------- Geometry parameters
paper: a4paper
landscape: true
twocolumn: --
twoside: --
asymmetric: --
h-parts: 72.2698pt, 700.50723pt, 72.2698pt
v-parts: 43.81705pt, 481.42102pt, 72.2698pt
hmarginratio: --
vmarginratio: --
lines: --
heightrounded: --
bindingoffset: 0.0pt
truedimen: --
includehead: --
includefoot: --
includemp: --
driver: pdftex
-------------------- Page layout dimensions and switches
\paperwidth  845.04684pt
\paperheight 597.50787pt
\textwidth  700.50723pt
\textheight 481.42102pt
\oddsidemargin  -0.00018pt
\evensidemargin -0.00018pt
\topmargin  -65.45294pt
\headheight 12.0pt
\headsep    25.0pt
\footskip   30.0pt
\marginparwidth 65.0pt
\marginparsep   11.0pt
\columnsep  10.0pt
\skip\footins  9.0pt plus 4.0pt minus 2.0pt
\hoffset 0.0pt
\voffset 0.0pt
\mag 1000

(1in=72.27pt, 1cm=28.45pt)
-----------------------
<imagens/header.jpg, id=1, 576.189pt x 97.236pt>
File: imagens/header.jpg Graphic file (type jpg)
 <use imagens/header.jpg>

LaTeX Font Warning: Font shape `OT1/cmss/m/it' in size <14.4> not available
(Font)              Font shape `OT1/cmss/m/sl' tried instead on input line 66.

LaTeX Font Info:    External font `cmex10' loaded for size
(Font)              <14.4> on input line 66.
LaTeX Font Info:    External font `cmex10' loaded for size
(Font)              <7> on input line 66.
LaTeX Font Info:    External font `cmex10' loaded for size
(Font)              <5> on input line 66.
File: imagens/header.jpg Graphic file (type jpg)
<use imagens/header.jpg>
File: imagens/header.jpg Graphic file (type jpg)
 <use imagens/header.jpg>
File: imagens/header.jpg Graphic file (type jpg)
 <use imagens/header.jpg>
File: imagens/header.jpg Graphic file (type jpg)

<use imagens/header.jpg>
File: imagens/header.jpg Graphic file (type jpg)
 <use imagens/header.jpg>
File: imagens/header.jpg Graphic file (type jpg)
 <use imagens/header.jpg>
Underfull \hbox (badness 10000) in paragraph at lines 66--67

 []

<imagens/footer.jpg, id=2, 2217.4845pt x 103.587pt>
File: imagens/footer.jpg Graphic file (type jpg)
 <use imagens/footer.jpg>

Package Fancyhdr Warning: \footskip is too small (30.0pt): 
 Make it at least 32.72333pt.
 We now make it that large for the rest of the document.
 This may cause the page layout to be inconsistent, however.

[1

{/var/lib/texmf/fonts/map/pdftex/updmap/pdftex.map} <./imagens/header.jpg> <./i
magens/footer.jpg>]
File: imagens/footer.jpg Graphic file (type jpg)
 <use imagens/footer.jpg> [2]
File: imagens/footer.jpg Graphic file (type jpg)
 <use imagens/footer.jpg>
[3]
File: imagens/footer.jpg Graphic file (type jpg)
 <use imagens/footer.jpg> [4]
File: imagens/footer.jpg Graphic file (type jpg)
 <use imagens/footer.jpg> [5]
File: imagens/footer.jpg Graphic file (type jpg)

<use imagens/footer.jpg> [6]
File: imagens/footer.jpg Graphic file (type jpg)
 <use imagens/footer.jpg> [7]
(./certificados-exemplo.aux) ) 
Here is how much of TeX's memory you used:
 2814 strings out of 493848
 35974 string characters out of 1152824
 117459 words of memory out of 3000000
 6064 multiletter control sequences out of 15000+50000
 6293 words of font info for 23 fonts, out of 3000000 for 9000
 714 hyphenation exceptions out of 8191
 41i,13n,43p,218b,387s stack positions out of 5000i,500n,10000p,200000b,50000s
</usr/share/texmf-texlive/fonts/type1/public/amsf
onts/cm/cmmi10.pfb></usr/share/texmf-texlive/fonts/type1/public/amsfonts/cm/cms
s12.pfb></usr/share/texmf-texlive/fonts/type1/public/amsfonts/cm/cmssbx10.pfb><
/usr/share/texmf-texlive/fonts/type1/public/amsfonts/cm/cmssi12.pfb></usr/share
/texmf-texlive/fonts/type1/public/amsfonts/cm/cmtt12.pfb>
Output written on certificados-exemplo.pdf (7 pages, 209842 bytes).
PDF statistics:
 48 PDF objects out of 1000 (max. 8388607)
 0 named destinations out of 1000 (max. 500000)
 11 words of extra memory for PDF output out of 10000 (max. 10000000)

